C:\USERS\DANIELCAKE\DOCUMENTS\VISUAL STUDIO 2012\PROJECTS\SPELUNKBOTS\SPELUNKBOTS\DEBUG\SPELUNKBOTS.PCH
C:\USERS\DANIELCAKE\DOCUMENTS\VISUAL STUDIO 2012\PROJECTS\SPELUNKBOTS\SPELUNKBOTS\DEBUG\STDAFX.OBJ
C:\USERS\DANIELCAKE\DOCUMENTS\VISUAL STUDIO 2012\PROJECTS\SPELUNKBOTS\SPELUNKBOTS\DEBUG\VC110.PDB
C:\USERS\DANIELCAKE\DOCUMENTS\VISUAL STUDIO 2012\PROJECTS\SPELUNKBOTS\SPELUNKBOTS\DEBUG\ALTAR.OBJ
C:\USERS\DANIELCAKE\DOCUMENTS\VISUAL STUDIO 2012\PROJECTS\SPELUNKBOTS\SPELUNKBOTS\DEBUG\ENEMY.OBJ
C:\USERS\DANIELCAKE\DOCUMENTS\VISUAL STUDIO 2012\PROJECTS\SPELUNKBOTS\SPELUNKBOTS\DEBUG\SPELUNKBOTS.OBJ
C:\USERS\DANIELCAKE\DOCUMENTS\VISUAL STUDIO 2012\PROJECTS\SPELUNKBOTS\SPELUNKBOTS\DEBUG\DLLMAIN.OBJ
C:\USERS\DANIELCAKE\DOCUMENTS\VISUAL STUDIO 2012\PROJECTS\SPELUNKBOTS\DEBUG\SPELUNKBOTS.ILK
C:\USERS\DANIELCAKE\DOCUMENTS\VISUAL STUDIO 2012\PROJECTS\SPELUNKBOTS\DEBUG\SPELUNKBOTS.DLL
C:\USERS\DANIELCAKE\DOCUMENTS\VISUAL STUDIO 2012\PROJECTS\SPELUNKBOTS\DEBUG\SPELUNKBOTS.PDB
C:\Users\DanielCake\Documents\Visual Studio 2012\Projects\Spelunkbots\Debug\Spelunkbots.lib
C:\Users\DanielCake\Documents\Visual Studio 2012\Projects\Spelunkbots\Debug\Spelunkbots.exp
C:\Users\DanielCake\documents\visual studio 2012\Projects\Spelunkbots\Debug\Spelunkbots.lib
C:\Users\DanielCake\documents\visual studio 2012\Projects\Spelunkbots\Debug\Spelunkbots.exp
C:\Users\DanielCake\SpelunkbotsConsole\DLL Solution\Spelunkbots\Spelunkbots\Debug\Altar.obj
C:\Users\DanielCake\SpelunkbotsConsole\DLL Solution\Spelunkbots\Spelunkbots\Debug\dllmain.obj
C:\Users\DanielCake\SpelunkbotsConsole\DLL Solution\Spelunkbots\Spelunkbots\Debug\Enemy.obj
C:\Users\DanielCake\SpelunkbotsConsole\DLL Solution\Spelunkbots\Spelunkbots\Debug\Spelunkbots.obj
C:\Users\DanielCake\SpelunkbotsConsole\DLL Solution\Spelunkbots\Spelunkbots\Debug\stdafx.obj
C:\Users\DanielCake\SpelunkbotsConsole\DLL Solution\Spelunkbots\Spelunkbots\Debug\cl.command.1.tlog
C:\Users\DanielCake\SpelunkbotsConsole\DLL Solution\Spelunkbots\Spelunkbots\Debug\CL.read.1.tlog
C:\Users\DanielCake\SpelunkbotsConsole\DLL Solution\Spelunkbots\Spelunkbots\Debug\CL.write.1.tlog
C:\Users\DanielCake\SpelunkbotsConsole\DLL Solution\Spelunkbots\Spelunkbots\Debug\link-cvtres.read.1.tlog
C:\Users\DanielCake\SpelunkbotsConsole\DLL Solution\Spelunkbots\Spelunkbots\Debug\link-cvtres.write.1.tlog
C:\Users\DanielCake\SpelunkbotsConsole\DLL Solution\Spelunkbots\Spelunkbots\Debug\link-rc.read.1.tlog
C:\Users\DanielCake\SpelunkbotsConsole\DLL Solution\Spelunkbots\Spelunkbots\Debug\link-rc.write.1.tlog
C:\Users\DanielCake\SpelunkbotsConsole\DLL Solution\Spelunkbots\Spelunkbots\Debug\link.18728-cvtres.read.1.tlog
C:\Users\DanielCake\SpelunkbotsConsole\DLL Solution\Spelunkbots\Spelunkbots\Debug\link.18728-cvtres.write.1.tlog
C:\Users\DanielCake\SpelunkbotsConsole\DLL Solution\Spelunkbots\Spelunkbots\Debug\link.18728-rc.read.1.tlog
C:\Users\DanielCake\SpelunkbotsConsole\DLL Solution\Spelunkbots\Spelunkbots\Debug\link.18728-rc.write.1.tlog
C:\Users\DanielCake\SpelunkbotsConsole\DLL Solution\Spelunkbots\Spelunkbots\Debug\link.18728.read.1.tlog
C:\Users\DanielCake\SpelunkbotsConsole\DLL Solution\Spelunkbots\Spelunkbots\Debug\link.18728.write.1.tlog
C:\Users\DanielCake\SpelunkbotsConsole\DLL Solution\Spelunkbots\Spelunkbots\Debug\link.24364-cvtres.read.1.tlog
C:\Users\DanielCake\SpelunkbotsConsole\DLL Solution\Spelunkbots\Spelunkbots\Debug\link.24364-cvtres.write.1.tlog
C:\Users\DanielCake\SpelunkbotsConsole\DLL Solution\Spelunkbots\Spelunkbots\Debug\link.24364-rc.read.1.tlog
C:\Users\DanielCake\SpelunkbotsConsole\DLL Solution\Spelunkbots\Spelunkbots\Debug\link.24364-rc.write.1.tlog
C:\Users\DanielCake\SpelunkbotsConsole\DLL Solution\Spelunkbots\Spelunkbots\Debug\link.24364.read.1.tlog
C:\Users\DanielCake\SpelunkbotsConsole\DLL Solution\Spelunkbots\Spelunkbots\Debug\link.24364.write.1.tlog
C:\Users\DanielCake\SpelunkbotsConsole\DLL Solution\Spelunkbots\Spelunkbots\Debug\link.36008-cvtres.read.1.tlog
C:\Users\DanielCake\SpelunkbotsConsole\DLL Solution\Spelunkbots\Spelunkbots\Debug\link.36008-cvtres.write.1.tlog
C:\Users\DanielCake\SpelunkbotsConsole\DLL Solution\Spelunkbots\Spelunkbots\Debug\link.36008-rc.read.1.tlog
C:\Users\DanielCake\SpelunkbotsConsole\DLL Solution\Spelunkbots\Spelunkbots\Debug\link.36008-rc.write.1.tlog
C:\Users\DanielCake\SpelunkbotsConsole\DLL Solution\Spelunkbots\Spelunkbots\Debug\link.36008.read.1.tlog
C:\Users\DanielCake\SpelunkbotsConsole\DLL Solution\Spelunkbots\Spelunkbots\Debug\link.36008.write.1.tlog
C:\Users\DanielCake\SpelunkbotsConsole\DLL Solution\Spelunkbots\Spelunkbots\Debug\link.36828-cvtres.read.1.tlog
C:\Users\DanielCake\SpelunkbotsConsole\DLL Solution\Spelunkbots\Spelunkbots\Debug\link.36828-cvtres.write.1.tlog
C:\Users\DanielCake\SpelunkbotsConsole\DLL Solution\Spelunkbots\Spelunkbots\Debug\link.36828-rc.read.1.tlog
C:\Users\DanielCake\SpelunkbotsConsole\DLL Solution\Spelunkbots\Spelunkbots\Debug\link.36828-rc.write.1.tlog
C:\Users\DanielCake\SpelunkbotsConsole\DLL Solution\Spelunkbots\Spelunkbots\Debug\link.36828.read.1.tlog
C:\Users\DanielCake\SpelunkbotsConsole\DLL Solution\Spelunkbots\Spelunkbots\Debug\link.36828.write.1.tlog
C:\Users\DanielCake\SpelunkbotsConsole\DLL Solution\Spelunkbots\Spelunkbots\Debug\link.5180-cvtres.read.1.tlog
C:\Users\DanielCake\SpelunkbotsConsole\DLL Solution\Spelunkbots\Spelunkbots\Debug\link.5180-cvtres.write.1.tlog
C:\Users\DanielCake\SpelunkbotsConsole\DLL Solution\Spelunkbots\Spelunkbots\Debug\link.5180-rc.read.1.tlog
C:\Users\DanielCake\SpelunkbotsConsole\DLL Solution\Spelunkbots\Spelunkbots\Debug\link.5180-rc.write.1.tlog
C:\Users\DanielCake\SpelunkbotsConsole\DLL Solution\Spelunkbots\Spelunkbots\Debug\link.5180.read.1.tlog
C:\Users\DanielCake\SpelunkbotsConsole\DLL Solution\Spelunkbots\Spelunkbots\Debug\link.5180.write.1.tlog
C:\Users\DanielCake\SpelunkbotsConsole\DLL Solution\Spelunkbots\Spelunkbots\Debug\link.57360-cvtres.read.1.tlog
C:\Users\DanielCake\SpelunkbotsConsole\DLL Solution\Spelunkbots\Spelunkbots\Debug\link.57360-cvtres.write.1.tlog
C:\Users\DanielCake\SpelunkbotsConsole\DLL Solution\Spelunkbots\Spelunkbots\Debug\link.57360-rc.read.1.tlog
C:\Users\DanielCake\SpelunkbotsConsole\DLL Solution\Spelunkbots\Spelunkbots\Debug\link.57360-rc.write.1.tlog
C:\Users\DanielCake\SpelunkbotsConsole\DLL Solution\Spelunkbots\Spelunkbots\Debug\link.57360.read.1.tlog
C:\Users\DanielCake\SpelunkbotsConsole\DLL Solution\Spelunkbots\Spelunkbots\Debug\link.57360.write.1.tlog
C:\Users\DanielCake\SpelunkbotsConsole\DLL Solution\Spelunkbots\Spelunkbots\Debug\link.61456-cvtres.read.1.tlog
C:\Users\DanielCake\SpelunkbotsConsole\DLL Solution\Spelunkbots\Spelunkbots\Debug\link.61456-cvtres.write.1.tlog
C:\Users\DanielCake\SpelunkbotsConsole\DLL Solution\Spelunkbots\Spelunkbots\Debug\link.61456-rc.read.1.tlog
C:\Users\DanielCake\SpelunkbotsConsole\DLL Solution\Spelunkbots\Spelunkbots\Debug\link.61456-rc.write.1.tlog
C:\Users\DanielCake\SpelunkbotsConsole\DLL Solution\Spelunkbots\Spelunkbots\Debug\link.61456.read.1.tlog
C:\Users\DanielCake\SpelunkbotsConsole\DLL Solution\Spelunkbots\Spelunkbots\Debug\link.61456.write.1.tlog
C:\Users\DanielCake\SpelunkbotsConsole\DLL Solution\Spelunkbots\Spelunkbots\Debug\link.62476-cvtres.read.1.tlog
C:\Users\DanielCake\SpelunkbotsConsole\DLL Solution\Spelunkbots\Spelunkbots\Debug\link.62476-cvtres.write.1.tlog
C:\Users\DanielCake\SpelunkbotsConsole\DLL Solution\Spelunkbots\Spelunkbots\Debug\link.62476-rc.read.1.tlog
C:\Users\DanielCake\SpelunkbotsConsole\DLL Solution\Spelunkbots\Spelunkbots\Debug\link.62476-rc.write.1.tlog
C:\Users\DanielCake\SpelunkbotsConsole\DLL Solution\Spelunkbots\Spelunkbots\Debug\link.62476.read.1.tlog
C:\Users\DanielCake\SpelunkbotsConsole\DLL Solution\Spelunkbots\Spelunkbots\Debug\link.62476.write.1.tlog
C:\Users\DanielCake\SpelunkbotsConsole\DLL Solution\Spelunkbots\Spelunkbots\Debug\link.command.1.tlog
C:\Users\DanielCake\SpelunkbotsConsole\DLL Solution\Spelunkbots\Spelunkbots\Debug\link.read.1.tlog
C:\Users\DanielCake\SpelunkbotsConsole\DLL Solution\Spelunkbots\Spelunkbots\Debug\link.write.1.tlog
C:\Users\DanielCake\SpelunkbotsConsole\DLL Solution\Spelunkbots\Spelunkbots\Debug\Spelunkbots.write.1.tlog
C:\Users\DanielCake\SpelunkbotsConsole\DLL Solution\Spelunkbots\Spelunkbots\Debug\Spelunkbots.pch
C:\Users\DanielCake\SpelunkbotsConsole\DLL Solution\Spelunkbots\Spelunkbots\Debug\vc110.idb
C:\Users\DanielCake\SpelunkbotsConsole\DLL Solution\Spelunkbots\Spelunkbots\Debug\vc110.pdb
C:\Users\DanielCake\SpelunkbotsConsole\DLL Solution\Spelunkbots\Debug\Spelunkbots.pdb
C:\Users\DanielCake\SpelunkbotsConsole\DLL Solution\Spelunkbots\Debug\Spelunkbots.dll
C:\Users\DanielCake\SpelunkbotsConsole\DLL Solution\Spelunkbots\Debug\Spelunkbots.ilk
