Build started 05/06/2015 11:21:42.
     1>Project "D:\Miscellaneous\Documents\GitHub\SpelunkBots\DLL Solution\Spelunkbots\Spelunkbots\Spelunkbots.vcxproj" on node 2 (Build target(s)).
     1>C:\Program Files (x86)\MSBuild\Microsoft.Cpp\v4.0\V120\Microsoft.CppBuild.targets(364,5): warning MSB8004: Output Directory does not end with a trailing slash.  This build instance will add the slash as it is required to allow proper evaluation of the Output Directory.
     1>ClCompile:
         C:\Program Files (x86)\Microsoft Visual Studio 12.0\VC\bin\CL.exe /c /Zi /nologo /W3 /WX- /O2 /Oi /Oy- /GL /D WIN32 /D NDEBUG /D _WINDOWS /D _USRDLL /D SPELUNKBOTS_EXPORTS /D _WINDLL /D _UNICODE /D UNICODE /Gm- /EHsc /MD /GS /Gy /fp:precise /Zc:wchar_t /Zc:forScope /Yc"stdafx.h" /Fp"Release\Spelunkbots.pch" /Fo"Release\\" /Fd"Release\vc120.pdb" /Gd /TP /analyze- /errorReport:prompt stdafx.cpp
         stdafx.cpp
         C:\Program Files (x86)\Microsoft Visual Studio 12.0\VC\bin\CL.exe /c /Zi /nologo /W3 /WX- /O2 /Oi /Oy- /GL /D WIN32 /D NDEBUG /D _WINDOWS /D _USRDLL /D SPELUNKBOTS_EXPORTS /D _WINDLL /D _UNICODE /D UNICODE /Gm- /EHsc /MD /GS /Gy /fp:precise /Zc:wchar_t /Zc:forScope /Fo"Release\\" /Fd"Release\vc120.pdb" /Gd /TP /analyze- /errorReport:prompt dllmain.cpp
         dllmain.cpp
         C:\Program Files (x86)\Microsoft Visual Studio 12.0\VC\bin\CL.exe /c /Zi /nologo /W3 /WX- /O2 /Oi /Oy- /GL /D WIN32 /D NDEBUG /D _WINDOWS /D _USRDLL /D SPELUNKBOTS_EXPORTS /D _WINDLL /D _UNICODE /D UNICODE /Gm- /EHsc /MD /GS /Gy /fp:precise /Zc:wchar_t /Zc:forScope /Yu"stdafx.h" /Fp"Release\Spelunkbots.pch" /Fo"Release\\" /Fd"Release\vc120.pdb" /Gd /TP /analyze- /errorReport:prompt Spelunkbots.cpp SpelunkbotsConsoleOutput.cpp
         Spelunkbots.cpp
     1>Spelunkbots.cpp(35): warning C4996: 'freopen': This function or variable may be unsafe. Consider using freopen_s instead. To disable deprecation, use _CRT_SECURE_NO_WARNINGS. See online help for details.
                 C:\Program Files (x86)\Microsoft Visual Studio 12.0\VC\include\stdio.h(226) : see declaration of 'freopen'
     1>Spelunkbots.cpp(780): warning C4244: '=' : conversion from 'double' to 'int', possible loss of data
     1>Spelunkbots.cpp(781): warning C4244: '=' : conversion from 'double' to 'int', possible loss of data
     1>Spelunkbots.cpp(963): warning C4244: '=' : conversion from 'double' to 'int', possible loss of data
     1>Spelunkbots.cpp(964): warning C4244: '=' : conversion from 'double' to 'int', possible loss of data
     1>Spelunkbots.cpp(1302): warning C4244: '=' : conversion from 'double' to 'int', possible loss of data
     1>Spelunkbots.cpp(1303): warning C4244: '=' : conversion from 'double' to 'int', possible loss of data
     1>Spelunkbots.cpp(1351): warning C4244: '=' : conversion from 'double' to 'int', possible loss of data
     1>Spelunkbots.cpp(1352): warning C4244: '=' : conversion from 'double' to 'int', possible loss of data
     1>Spelunkbots.cpp(1361): warning C4244: '=' : conversion from 'double' to 'int', possible loss of data
     1>Spelunkbots.cpp(1362): warning C4244: '=' : conversion from 'double' to 'int', possible loss of data
     1>Spelunkbots.cpp(1524): warning C4018: '<' : signed/unsigned mismatch
     1>Spelunkbots.cpp(1526): warning C4244: 'initializing' : conversion from 'double' to 'float', possible loss of data
     1>Spelunkbots.cpp(1527): warning C4244: 'initializing' : conversion from 'double' to 'float', possible loss of data
     1>Spelunkbots.cpp(1567): warning C4018: '<' : signed/unsigned mismatch
     1>Spelunkbots.cpp(1569): warning C4244: 'initializing' : conversion from 'double' to 'float', possible loss of data
     1>Spelunkbots.cpp(1570): warning C4244: 'initializing' : conversion from 'double' to 'float', possible loss of data
     1>Spelunkbots.cpp(1611): warning C4244: 'initializing' : conversion from 'double' to 'int', possible loss of data
         SpelunkbotsConsoleOutput.cpp
       Link:
         C:\Program Files (x86)\Microsoft Visual Studio 12.0\VC\bin\link.exe /ERRORREPORT:PROMPT /OUT:"..\..\..\Source\spelunky_1_1\Spelunkbots.dll" /INCREMENTAL:NO /NOLOGO kernel32.lib user32.lib gdi32.lib winspool.lib comdlg32.lib advapi32.lib shell32.lib ole32.lib oleaut32.lib uuid.lib odbc32.lib odbccp32.lib /MANIFEST /MANIFESTUAC:"level='asInvoker' uiAccess='false'" /manifest:embed /DEBUG /PDB:"..\..\..\Source\spelunky_1_1\Spelunkbots.pdb" /SUBSYSTEM:WINDOWS /OPT:REF /OPT:ICF /LTCG /TLBID:1 /DYNAMICBASE /NXCOMPAT /IMPLIB:"..\..\..\Source\spelunky_1_1\Spelunkbots.lib" /MACHINE:X86 /SAFESEH /DLL Release\dllmain.obj
         Release\Spelunkbots.obj
         Release\SpelunkbotsConsoleOutput.obj
         Release\stdafx.obj
            Creating library ..\..\..\Source\spelunky_1_1\Spelunkbots.lib and object ..\..\..\Source\spelunky_1_1\Spelunkbots.exp
         Generating code
         Finished generating code
         Spelunkbots.vcxproj -> D:\Miscellaneous\Documents\GitHub\SpelunkBots\DLL Solution\Spelunkbots\Spelunkbots\..\..\..\Source\spelunky_1_1\Spelunkbots.dll
     1>Done Building Project "D:\Miscellaneous\Documents\GitHub\SpelunkBots\DLL Solution\Spelunkbots\Spelunkbots\Spelunkbots.vcxproj" (Build target(s)).

Build succeeded.

Time Elapsed 00:00:05.86
