c:\users\danielcake\spelunkbotsconsole\dll solution\spelunkbots\spelunkbots\release\spelunkbots.pch
c:\users\danielcake\spelunkbotsconsole\dll solution\spelunkbots\spelunkbots\release\stdafx.obj
c:\users\danielcake\spelunkbotsconsole\dll solution\spelunkbots\spelunkbots\release\vc110.pdb
c:\users\danielcake\spelunkbotsconsole\dll solution\spelunkbots\spelunkbots\release\spelunkbots.obj
c:\users\danielcake\spelunkbotsconsole\dll solution\spelunkbots\spelunkbots\release\enemy.obj
c:\users\danielcake\spelunkbotsconsole\dll solution\spelunkbots\spelunkbots\release\altar.obj
c:\users\danielcake\spelunkbotsconsole\dll solution\spelunkbots\spelunkbots\release\dllmain.obj
c:\users\danielcake\spelunkbotsconsole\dll solution\spelunkbots\release\spelunkbots.dll
c:\users\danielcake\spelunkbotsconsole\dll solution\spelunkbots\release\spelunkbots.pdb
c:\users\danielcake\spelunkbotsconsole\dll solution\spelunkbots\release\spelunkbots.lib
c:\users\danielcake\spelunkbotsconsole\dll solution\spelunkbots\release\spelunkbots.exp
c:\users\10021_000\desktop\spelunkbots\dll solution\spelunkbots\spelunkbots\release\spelunkbots.pch
c:\users\10021_000\desktop\spelunkbots\dll solution\spelunkbots\spelunkbots\release\vc120.pdb
c:\users\10021_000\desktop\spelunkbots\dll solution\spelunkbots\spelunkbots\release\stdafx.obj
c:\users\10021_000\desktop\spelunkbots\dll solution\spelunkbots\spelunkbots\release\spelunkbots.obj
c:\users\10021_000\desktop\spelunkbots\dll solution\spelunkbots\spelunkbots\release\enemy.obj
c:\users\10021_000\desktop\spelunkbots\dll solution\spelunkbots\spelunkbots\release\altar.obj
c:\users\10021_000\desktop\spelunkbots\dll solution\spelunkbots\spelunkbots\release\dllmain.obj
c:\users\10021_000\desktop\spelunkbots\dll solution\spelunkbots\release\spelunkbots.dll
c:\users\10021_000\desktop\spelunkbots\dll solution\spelunkbots\release\spelunkbots.pdb
c:\users\10021_000\desktop\spelunkbots\dll solution\spelunkbots\release\spelunkbots.lib
c:\users\10021_000\desktop\spelunkbots\dll solution\spelunkbots\release\spelunkbots.exp
d:\github\spelunkbots\dll solution\spelunkbots\spelunkbots\release\altar.obj
d:\github\spelunkbots\dll solution\spelunkbots\spelunkbots\release\dllmain.obj
d:\github\spelunkbots\dll solution\spelunkbots\spelunkbots\release\enemy.obj
d:\github\spelunkbots\dll solution\spelunkbots\spelunkbots\release\spelunkbots.obj
d:\github\spelunkbots\dll solution\spelunkbots\spelunkbots\release\stdafx.obj
d:\github\spelunkbots\dll solution\spelunkbots\spelunkbots\release\cl.command.1.tlog
d:\github\spelunkbots\dll solution\spelunkbots\spelunkbots\release\cl.read.1.tlog
d:\github\spelunkbots\dll solution\spelunkbots\spelunkbots\release\cl.write.1.tlog
d:\github\spelunkbots\dll solution\spelunkbots\spelunkbots\release\link-cvtres.read.1.tlog
d:\github\spelunkbots\dll solution\spelunkbots\spelunkbots\release\link-cvtres.write.1.tlog
d:\github\spelunkbots\dll solution\spelunkbots\spelunkbots\release\link-rc.read.1.tlog
d:\github\spelunkbots\dll solution\spelunkbots\spelunkbots\release\link-rc.write.1.tlog
d:\github\spelunkbots\dll solution\spelunkbots\spelunkbots\release\link.command.1.tlog
d:\github\spelunkbots\dll solution\spelunkbots\spelunkbots\release\link.read.1.tlog
d:\github\spelunkbots\dll solution\spelunkbots\spelunkbots\release\link.write.1.tlog
d:\github\spelunkbots\dll solution\spelunkbots\spelunkbots\release\spelunkbots.write.1.tlog
d:\github\spelunkbots\dll solution\spelunkbots\spelunkbots\release\spelunkbots.pch
d:\github\spelunkbots\dll solution\spelunkbots\spelunkbots\release\vc110.pdb
d:\github\spelunkbots\dll solution\spelunkbots\spelunkbots\release\vc120.pdb
d:\github\spelunkbots\dll solution\spelunkbots\release\spelunkbots.pdb
d:\github\spelunkbots\dll solution\spelunkbots\release\spelunkbots.dll
d:\github\spelunkbots\dll solution\spelunkbots\spelunkbots\release\spelunkbots.tlog\cl.command.1.tlog
d:\github\spelunkbots\dll solution\spelunkbots\spelunkbots\release\spelunkbots.tlog\cl.read.1.tlog
d:\github\spelunkbots\dll solution\spelunkbots\spelunkbots\release\spelunkbots.tlog\cl.write.1.tlog
d:\github\spelunkbots\dll solution\spelunkbots\spelunkbots\release\spelunkbots.tlog\link.command.1.tlog
d:\github\spelunkbots\dll solution\spelunkbots\spelunkbots\release\spelunkbots.tlog\link.read.1.tlog
d:\github\spelunkbots\dll solution\spelunkbots\spelunkbots\release\spelunkbots.tlog\link.write.1.tlog
d:\github\spelunkbots\dll solution\spelunkbots\spelunkbots\release\spelunkbots.tlog\spelunkbots.write.1u.tlog
