Build started 10/06/2015 18:01:03.
     1>Project "C:\Users\Brandon\Documents\GitHub\SpelunkBots\DLL Solution\Bot\SpelunkBot\SpelunkBot.vcxproj" on node 2 (Build target(s)).
     1>C:\Program Files (x86)\MSBuild\Microsoft.Cpp\v4.0\V120\Microsoft.CppBuild.targets(364,5): warning MSB8004: Output Directory does not end with a trailing slash.  This build instance will add the slash as it is required to allow proper evaluation of the Output Directory.
     1>C:\Program Files (x86)\MSBuild\Microsoft.Cpp\v4.0\V120\Microsoft.CppBuild.targets(388,5): warning MSB8028: The intermediate directory (Release\) contains files shared from another project (SpelunkBot.vcxproj).  This can lead to incorrect clean and rebuild behavior.
     1>Link:
         C:\Program Files (x86)\Microsoft Visual Studio 12.0\VC\bin\link.exe /ERRORREPORT:PROMPT /OUT:"..\..\..\Source\spelunky_1_1\Bot.dll" /INCREMENTAL:NO /NOLOGO kernel32.lib user32.lib gdi32.lib winspool.lib comdlg32.lib advapi32.lib shell32.lib ole32.lib oleaut32.lib uuid.lib odbc32.lib odbccp32.lib /MANIFEST /MANIFESTUAC:"level='asInvoker' uiAccess='false'" /manifest:embed /DEBUG /PDB:"..\..\..\Source\spelunky_1_1\Bot.pdb" /SUBSYSTEM:WINDOWS /OPT:REF /OPT:ICF /LTCG /TLBID:1 /DYNAMICBASE /NXCOMPAT /IMPLIB:"..\..\..\Source\spelunky_1_1\Bot.lib" /MACHINE:X86 /SAFESEH /DLL Release\BasicBotExampleOne.obj
         Release\BasicBotExampleThree.obj
         Release\BasicBotExampleTwo.obj
         Release\DiscoveryDan.obj
         Release\dllmain.obj
         Release\Bot.obj
         Release\FishBot.obj
         Release\GoldDigger.obj
         Release\IBot.obj
         Release\Indie.obj
         Release\NotSoSolidSnake.obj
         Release\SeanBean.obj
         Release\stdafx.obj
            Creating library ..\..\..\Source\spelunky_1_1\Bot.lib and object ..\..\..\Source\spelunky_1_1\Bot.exp
         Generating code
         Finished generating code
         SpelunkBot.vcxproj -> C:\Users\Brandon\Documents\GitHub\SpelunkBots\DLL Solution\Bot\SpelunkBot\..\..\..\Source\spelunky_1_1\Bot.dll
     1>Done Building Project "C:\Users\Brandon\Documents\GitHub\SpelunkBots\DLL Solution\Bot\SpelunkBot\SpelunkBot.vcxproj" (Build target(s)).

Build succeeded.

Time Elapsed 00:00:01.48
